<?xml version="1.0" encoding="UTF-8"?>
<!-- Generated by org.testng.reporters.JUnitReportReporter -->
<testsuite hostname="DESKTOP-4BH40TL" failures="0" tests="1" name="javaArray.ArrayLargest" time="2.129" errors="0" timestamp="2025-05-26T12:24:50 IST" skipped="0">
  <testcase classname="javaArray.ArrayLargest" name="arrayMax" time="2.129"/>
</testsuite> <!-- javaArray.ArrayLargest -->
