<?xml version="1.0" encoding="UTF-8"?>
<!-- Generated by org.testng.reporters.JUnitReportReporter -->
<testsuite hostname="DESKTOP-4BH40TL" failures="0" tests="1" name="javaArray.ArrayRemoveDuplicate" time="0.023" errors="0" timestamp="2025-06-28T01:25:59 IST" skipped="0">
  <testcase classname="javaArray.ArrayRemoveDuplicate" name="removeDuplicate" time="0.023"/>
</testsuite> <!-- javaArray.ArrayRemoveDuplicate -->
