<?xml version="1.0" encoding="UTF-8"?>
<!-- Generated by org.testng.reporters.JUnitReportReporter -->
<testsuite hostname="DESKTOP-4BH40TL" failures="0" tests="1" name="javaArray.SecondLargestArray" time="0.017" errors="0" timestamp="2025-05-26T18:14:15 IST" skipped="0">
  <testcase classname="javaArray.SecondLargestArray" name="secondLargest" time="0.017"/>
</testsuite> <!-- javaArray.SecondLargestArray -->
