<?xml version="1.0" encoding="UTF-8"?>
<!-- Generated by org.testng.reporters.JUnitReportReporter -->
<testsuite hostname="DESKTOP-4BH40TL" failures="0" tests="1" name="javaArray.ArrayCopy" time="0.024" errors="0" timestamp="2025-05-26T16:42:00 IST" skipped="0">
  <testcase classname="javaArray.ArrayCopy" name="copymathod" time="0.024"/>
</testsuite> <!-- javaArray.ArrayCopy -->
