<?xml version="1.0" encoding="UTF-8"?>
<!-- Generated by org.testng.reporters.JUnitReportReporter -->
<testsuite hostname="DESKTOP-4BH40TL" failures="0" tests="1" name="javaArray.Array" time="18.478" errors="0" timestamp="2025-05-26T10:54:42 IST" skipped="0">
  <testcase classname="javaArray.Array" name="arrayPrint" time="18.478"/>
</testsuite> <!-- javaArray.Array -->
