<?xml version="1.0" encoding="UTF-8"?>
<!-- Generated by org.testng.reporters.JUnitReportReporter -->
<testsuite hostname="DESKTOP-4BH40TL" failures="0" tests="1" name="javaArray.RemoveDuplicateArray" time="0.009" errors="0" timestamp="2025-05-31T21:10:11 IST" skipped="0">
  <testcase classname="javaArray.RemoveDuplicateArray" name="duplicateRemomveArray" time="0.009"/>
</testsuite> <!-- javaArray.RemoveDuplicateArray -->
