<?xml version="1.0" encoding="UTF-8"?>
<!-- Generated by org.testng.reporters.JUnitReportReporter -->
<testsuite hostname="DESKTOP-4BH40TL" failures="0" tests="1" name="javaArray.ArrayReversing" time="0.044" errors="0" timestamp="2025-05-31T21:47:57 IST" skipped="0">
  <testcase classname="javaArray.ArrayReversing" name="copymathod" time="0.044"/>
</testsuite> <!-- javaArray.ArrayReversing -->
