<?xml version="1.0" encoding="UTF-8"?>
<!-- Generated by org.testng.reporters.JUnitReportReporter -->
<testsuite hostname="DESKTOP-4BH40TL" failures="0" tests="1" name="javaArray.ArraySmallest" time="0.039" errors="0" timestamp="2025-05-26T12:30:05 IST" skipped="0">
  <testcase classname="javaArray.ArraySmallest" name="arraySmallest" time="0.039"/>
</testsuite> <!-- javaArray.ArraySmallest -->
