<?xml version="1.0" encoding="UTF-8"?>
<!-- Generated by org.testng.reporters.JUnitReportReporter -->
<testsuite hostname="DESKTOP-4BH40TL" failures="0" tests="1" name="javaArray.ArraySearch" time="0.041" errors="0" timestamp="2025-05-31T21:51:36 IST" skipped="0">
  <testcase classname="javaArray.ArraySearch" name="arraySearchElement" time="0.041"/>
</testsuite> <!-- javaArray.ArraySearch -->
